<?xml version="1.0" encoding="UTF-8"?>
<!-- Generated by org.testng.reporters.JUnitReportReporter -->
<testsuite hostname="Faruq" failures="0" tests="1" name="com.facebook_tests.LoginTest" time="4.456" errors="0" timestamp="2024-09-15T12:44:58 EDT" skipped="0">
  <testcase classname="com.facebook_tests.LoginTest" name="validLoginTest" time="4.456"/>
  <system-out/>
</testsuite> <!-- com.facebook_tests.LoginTest -->
